[INFO] Scanning for projects...
[INFO] 
[INFO] --------------------< com.example:finance-tracker >---------------------
[INFO] Building  0.0.1-SNAPSHOT
[INFO]   from pom.xml
[INFO] --------------------------------[ jar ]---------------------------------
[INFO] 
[INFO] >>> spring-boot:4.1.0:run (default-cli) > test-compile @ finance-tracker >>>
[INFO] 
[INFO] --- resources:3.5.0:resources (default-resources) @ finance-tracker ---
[INFO] Copying 1 resource from src\main\resources to target\classes
[INFO] Copying 2 resources from src\main\resources to target\classes
[INFO] 
[INFO] --- compiler:3.15.0:compile (default-compile) @ finance-tracker ---
[INFO] Nothing to compile - all classes are up to date.
[INFO] 
[INFO] --- resources:3.5.0:testResources (default-testResources) @ finance-tracker ---
[INFO] skip non existing resourceDirectory C:\demo\src\test\resources
[INFO] 
[INFO] --- compiler:3.15.0:testCompile (default-testCompile) @ finance-tracker ---
[INFO] Nothing to compile - all classes are up to date.
[INFO] 
[INFO] <<< spring-boot:4.1.0:run (default-cli) < test-compile @ finance-tracker <<<
[INFO] 
[INFO] 
[INFO] --- spring-boot:4.1.0:run (default-cli) @ finance-tracker ---
[INFO] Attaching agents: []

  .   ____          _            __ _ _
 /\\ / ___'_ __ _ _(_)_ __  __ _ \ \ \ \
( ( )\___ | '_ | '_| | '_ \/ _` | \ \ \ \
 \\/  ___)| |_)| | | | | || (_| |  ) ) ) )
  '  |____| .__|_| |_|_| |_\__, | / / / /
 =========|_|==============|___/=/_/_/_/

 :: Spring Boot ::                (v4.1.0)

2026-07-15T00:18:14.825+05:30  INFO 22668 --- [           main] c.e.demo.FinanceTrackerApplication       : Starting FinanceTrackerApplication using Java 17.0.19 with PID 22668 (C:\demo\target\classes started by HASINI in C:\demo)
2026-07-15T00:18:14.840+05:30  INFO 22668 --- [           main] c.e.demo.FinanceTrackerApplication       : No active profile set, falling back to 1 default profile: "default"
2026-07-15T00:18:18.459+05:30  INFO 22668 --- [           main] .s.d.r.c.RepositoryConfigurationDelegate : Bootstrapping Spring Data JPA repositories in DEFAULT mode.
2026-07-15T00:18:18.662+05:30  INFO 22668 --- [           main] .s.d.r.c.RepositoryConfigurationDelegate : Finished Spring Data repository scanning in 160 ms. Found 3 JPA repository interfaces.
2026-07-15T00:18:22.659+05:30  INFO 22668 --- [           main] o.s.boot.tomcat.TomcatWebServer          : Tomcat initialized with port 8080 (http)
2026-07-15T00:18:22.706+05:30  INFO 22668 --- [           main] o.apache.catalina.core.StandardService   : Starting service [Tomcat]
2026-07-15T00:18:22.706+05:30  INFO 22668 --- [           main] o.apache.catalina.core.StandardEngine    : Starting Servlet engine: [Apache Tomcat/11.0.22]
2026-07-15T00:18:22.911+05:30  INFO 22668 --- [           main] b.w.c.s.WebApplicationContextInitializer : Root WebApplicationContext: initialization completed in 7768 ms
2026-07-15T00:18:23.475+05:30  INFO 22668 --- [           main] org.hibernate.orm.jpa                    : HHH008540: Processing PersistenceUnitInfo [name: default]
2026-07-15T00:18:23.843+05:30  INFO 22668 --- [           main] org.hibernate.orm.core                   : HHH000001: Hibernate ORM core version 7.4.1.Final
2026-07-15T00:18:26.681+05:30  INFO 22668 --- [           main] o.s.o.j.p.SpringPersistenceUnitInfo      : No LoadTimeWeaver setup: ignoring JPA class transformer
2026-07-15T00:18:26.907+05:30  INFO 22668 --- [           main] com.zaxxer.hikari.HikariDataSource       : HikariPool-1 - Starting...
2026-07-15T00:18:27.923+05:30  INFO 22668 --- [           main] com.zaxxer.hikari.pool.HikariPool        : HikariPool-1 - Added connection conn0: url=jdbc:h2:mem:fintrackdb user=SA
2026-07-15T00:18:27.923+05:30  INFO 22668 --- [           main] com.zaxxer.hikari.HikariDataSource       : HikariPool-1 - Start completed.
2026-07-15T00:18:28.044+05:30  WARN 22668 --- [           main] org.hibernate.orm.deprecation            : HHH90000025: H2Dialect does not need to be specified explicitly using 'hibernate.dialect' (remove the property setting and it will be selected by default)
2026-07-15T00:18:28.123+05:30  INFO 22668 --- [           main] org.hibernate.orm.connections.pooling    : HHH10001005: Database info:
	Database JDBC URL [jdbc:h2:mem:fintrackdb]
	Database driver: H2 JDBC Driver
	Database dialect: H2Dialect
	Database version: 2.4.240
	Default catalog/schema: FINTRACKDB/PUBLIC
	Autocommit mode: undefined/unknown
	Isolation level: READ_COMMITTED [default READ_COMMITTED]
	JDBC fetch size: 100
	Pool: DataSourceConnectionProvider
	Minimum pool size: undefined/unknown
	Maximum pool size: undefined/unknown
2026-07-15T00:18:31.493+05:30  INFO 22668 --- [           main] org.hibernate.orm.core                   : HHH000489: No JTA platform available (set 'hibernate.transaction.jta.platform' to enable JTA platform integration)
Hibernate: create table app_expenses (id bigint generated by default as identity, amount float(53) not null, category varchar(255), date date, is_subscription boolean not null, title varchar(255) not null, user_id bigint, primary key (id))
Hibernate: create table app_invoices (id bigint generated by default as identity, client_email varchar(255), client_name varchar(255), due_date date, is_paid boolean not null, total_amount float(53) not null, user_id bigint, primary key (id))
Hibernate: create table app_users (id bigint generated by default as identity, email varchar(255) not null, monthly_budget double default 50000.0 not null, password varchar(255) not null, primary key (id))
Hibernate: alter table if exists app_users drop constraint if exists UK4vj92ux8a2eehds1mdvmks473
Hibernate: alter table if exists app_users add constraint UK4vj92ux8a2eehds1mdvmks473 unique (email)
Hibernate: alter table if exists app_expenses add constraint FK4f20062xne835wabkqdejtg4e foreign key (user_id) references app_users
Hibernate: alter table if exists app_invoices add constraint FKdj771oys6g9g9fixdpm2syo07 foreign key (user_id) references app_users
2026-07-15T00:18:32.083+05:30  INFO 22668 --- [           main] j.LocalContainerEntityManagerFactoryBean : Initialized JPA EntityManagerFactory for persistence unit 'default'
2026-07-15T00:18:32.465+05:30  INFO 22668 --- [           main] o.s.d.j.r.query.QueryEnhancerFactories   : Hibernate is in classpath; If applicable, HQL parser will be used.
2026-07-15T00:18:33.838+05:30  WARN 22668 --- [           main] JpaBaseConfiguration$JpaWebConfiguration : spring.jpa.open-in-view is enabled by default. Therefore, database queries may be performed during view rendering. Explicitly configure spring.jpa.open-in-view to disable this warning
2026-07-15T00:18:34.026+05:30  INFO 22668 --- [           main] r$InitializeUserDetailsManagerConfigurer : Global AuthenticationManager configured with UserDetailsService bean with name userDetailsService
2026-07-15T00:18:34.771+05:30  INFO 22668 --- [           main] o.s.b.w.a.WelcomePageHandlerMapping      : Adding welcome page: class path resource [static/index.html]
2026-07-15T00:18:35.704+05:30  INFO 22668 --- [           main] o.s.b.h.a.H2ConsoleAutoConfiguration     : H2 console available at '/h2-console'. Database available at 'jdbc:h2:mem:fintrackdb'
2026-07-15T00:18:35.992+05:30  INFO 22668 --- [           main] o.s.boot.tomcat.TomcatWebServer          : Tomcat started on port 8080 (http) with context path '/'
2026-07-15T00:18:36.015+05:30  INFO 22668 --- [           main] c.e.demo.FinanceTrackerApplication       : Started FinanceTrackerApplication in 22.792 seconds (process running for 24.661)
2026-07-15T00:18:36.581+05:30  INFO 22668 --- [nio-8080-exec-1] o.a.c.c.C.[Tomcat].[localhost].[/]       : Initializing Spring DispatcherServlet 'dispatcherServlet'
2026-07-15T00:18:36.581+05:30  INFO 22668 --- [nio-8080-exec-1] o.s.web.servlet.DispatcherServlet        : Initializing Servlet 'dispatcherServlet'
2026-07-15T00:18:36.581+05:30  INFO 22668 --- [nio-8080-exec-1] o.s.web.servlet.DispatcherServlet        : Completed initialization in 0 ms
Hibernate: select u1_0.id,u1_0.email,u1_0.monthly_budget,u1_0.password from app_users u1_0 where u1_0.email=?
Hibernate: select u1_0.id,u1_0.email,u1_0.monthly_budget,u1_0.password from app_users u1_0 where u1_0.email=?
Hibernate: select u1_0.id,u1_0.email,u1_0.monthly_budget,u1_0.password from app_users u1_0 where u1_0.email=?
Hibernate: select u1_0.id,u1_0.email,u1_0.monthly_budget,u1_0.password from app_users u1_0 where u1_0.email=?
Hibernate: insert into app_users (email,monthly_budget,password,id) values (?,?,?,default)
Hibernate: select u1_0.id,u1_0.email,u1_0.monthly_budget,u1_0.password from app_users u1_0 where u1_0.email=?
2026-07-15T00:20:18.943+05:30  WARN 22668 --- [nio-8080-exec-3] o.a.c.util.SessionIdGeneratorBase        : Creation of SecureRandom instance for session ID generation using [SHA1PRNG] took [229] milliseconds.
Hibernate: select u1_0.id,u1_0.email,u1_0.monthly_budget,u1_0.password from app_users u1_0 where u1_0.email=?
Hibernate: select u1_0.id,u1_0.email,u1_0.monthly_budget,u1_0.password from app_users u1_0 where u1_0.email=?
Hibernate: select u1_0.id,u1_0.email,u1_0.monthly_budget,u1_0.password from app_users u1_0 where u1_0.email=?
Hibernate: select e1_0.id,e1_0.amount,e1_0.category,e1_0.date,e1_0.is_subscription,e1_0.title,e1_0.user_id from app_expenses e1_0 where e1_0.user_id=?
Hibernate: select u1_0.id,u1_0.email,u1_0.monthly_budget,u1_0.password from app_users u1_0 where u1_0.email=?
Hibernate: select i1_0.id,i1_0.client_email,i1_0.client_name,i1_0.due_date,i1_0.is_paid,i1_0.total_amount,i1_0.user_id from app_invoices i1_0 where i1_0.user_id=?
Hibernate: select u1_0.id,u1_0.email,u1_0.monthly_budget,u1_0.password from app_users u1_0 where u1_0.email=?
Hibernate: update app_users set email=?,monthly_budget=?,password=? where id=?
Hibernate: select u1_0.id,u1_0.email,u1_0.monthly_budget,u1_0.password from app_users u1_0 where u1_0.email=?
Hibernate: select u1_0.id,u1_0.email,u1_0.monthly_budget,u1_0.password from app_users u1_0 where u1_0.email=?
Hibernate: select e1_0.id,e1_0.amount,e1_0.category,e1_0.date,e1_0.is_subscription,e1_0.title,e1_0.user_id from app_expenses e1_0 where e1_0.user_id=?
Hibernate: select u1_0.id,u1_0.email,u1_0.monthly_budget,u1_0.password from app_users u1_0 where u1_0.email=?
Hibernate: select i1_0.id,i1_0.client_email,i1_0.client_name,i1_0.due_date,i1_0.is_paid,i1_0.total_amount,i1_0.user_id from app_invoices i1_0 where i1_0.user_id=?
Hibernate: select u1_0.id,u1_0.email,u1_0.monthly_budget,u1_0.password from app_users u1_0 where u1_0.email=?
Hibernate: insert into app_invoices (client_email,client_name,due_date,is_paid,total_amount,user_id,id) values (?,?,?,?,?,?,default)
Hibernate: select u1_0.id,u1_0.email,u1_0.monthly_budget,u1_0.password from app_users u1_0 where u1_0.email=?
Hibernate: select i1_0.id,i1_0.client_email,i1_0.client_name,i1_0.due_date,i1_0.is_paid,i1_0.total_amount,i1_0.user_id from app_invoices i1_0 where i1_0.user_id=?
Hibernate: select u1_0.id,u1_0.email,u1_0.monthly_budget,u1_0.password from app_users u1_0 where u1_0.email=?
Hibernate: select u1_0.id,u1_0.email,u1_0.monthly_budget,u1_0.password from app_users u1_0 where u1_0.email=?
Hibernate: select e1_0.id,e1_0.amount,e1_0.category,e1_0.date,e1_0.is_subscription,e1_0.title,e1_0.user_id from app_expenses e1_0 where e1_0.user_id=?
Hibernate: select u1_0.id,u1_0.email,u1_0.monthly_budget,u1_0.password from app_users u1_0 where u1_0.email=?
Hibernate: select u1_0.id,u1_0.email,u1_0.monthly_budget,u1_0.password from app_users u1_0 where u1_0.email=?
Hibernate: select e1_0.id,e1_0.amount,e1_0.category,e1_0.date,e1_0.is_subscription,e1_0.title,e1_0.user_id from app_expenses e1_0 where e1_0.user_id=?
Hibernate: select u1_0.id,u1_0.email,u1_0.monthly_budget,u1_0.password from app_users u1_0 where u1_0.email=?
Hibernate: update app_users set email=?,monthly_budget=?,password=? where id=?
Hibernate: select u1_0.id,u1_0.email,u1_0.monthly_budget,u1_0.password from app_users u1_0 where u1_0.email=?
Hibernate: select u1_0.id,u1_0.email,u1_0.monthly_budget,u1_0.password from app_users u1_0 where u1_0.email=?
Hibernate: select e1_0.id,e1_0.amount,e1_0.category,e1_0.date,e1_0.is_subscription,e1_0.title,e1_0.user_id from app_expenses e1_0 where e1_0.user_id=?
Hibernate: select u1_0.id,u1_0.email,u1_0.monthly_budget,u1_0.password from app_users u1_0 where u1_0.email=?
Hibernate: select i1_0.id,i1_0.client_email,i1_0.client_name,i1_0.due_date,i1_0.is_paid,i1_0.total_amount,i1_0.user_id from app_invoices i1_0 where i1_0.user_id=?
Hibernate: select u1_0.id,u1_0.email,u1_0.monthly_budget,u1_0.password from app_users u1_0 where u1_0.email=?
Hibernate: update app_users set email=?,monthly_budget=?,password=? where id=?
Hibernate: select u1_0.id,u1_0.email,u1_0.monthly_budget,u1_0.password from app_users u1_0 where u1_0.email=?
Hibernate: select u1_0.id,u1_0.email,u1_0.monthly_budget,u1_0.password from app_users u1_0 where u1_0.email=?
Hibernate: select e1_0.id,e1_0.amount,e1_0.category,e1_0.date,e1_0.is_subscription,e1_0.title,e1_0.user_id from app_expenses e1_0 where e1_0.user_id=?
Hibernate: select u1_0.id,u1_0.email,u1_0.monthly_budget,u1_0.password from app_users u1_0 where u1_0.email=?
Hibernate: select i1_0.id,i1_0.client_email,i1_0.client_name,i1_0.due_date,i1_0.is_paid,i1_0.total_amount,i1_0.user_id from app_invoices i1_0 where i1_0.user_id=?
Hibernate: select u1_0.id,u1_0.email,u1_0.monthly_budget,u1_0.password from app_users u1_0 where u1_0.email=?
Hibernate: insert into app_expenses (amount,category,date,is_subscription,title,user_id,id) values (?,?,?,?,?,?,default)
Hibernate: select u1_0.id,u1_0.email,u1_0.monthly_budget,u1_0.password from app_users u1_0 where u1_0.email=?
Hibernate: select e1_0.id,e1_0.amount,e1_0.category,e1_0.date,e1_0.is_subscription,e1_0.title,e1_0.user_id from app_expenses e1_0 where e1_0.user_id=?
Hibernate: select u1_0.id,u1_0.email,u1_0.monthly_budget,u1_0.password from app_users u1_0 where u1_0.email=?
Hibernate: select i1_0.id,i1_0.client_email,i1_0.client_name,i1_0.due_date,i1_0.is_paid,i1_0.total_amount,i1_0.user_id from app_invoices i1_0 where i1_0.user_id=?
Hibernate: select u1_0.id,u1_0.email,u1_0.monthly_budget,u1_0.password from app_users u1_0 where u1_0.email=?
Hibernate: select u1_0.id,u1_0.email,u1_0.monthly_budget,u1_0.password from app_users u1_0 where u1_0.email=?
Hibernate: select u1_0.id,u1_0.email,u1_0.monthly_budget,u1_0.password from app_users u1_0 where u1_0.email=?
Hibernate: select u1_0.id,u1_0.email,u1_0.monthly_budget,u1_0.password from app_users u1_0 where u1_0.email=?
Hibernate: select e1_0.id,e1_0.amount,e1_0.category,e1_0.date,e1_0.is_subscription,e1_0.title,e1_0.user_id from app_expenses e1_0 where e1_0.user_id=?
Hibernate: select u1_0.id,u1_0.email,u1_0.monthly_budget,u1_0.password from app_users u1_0 where u1_0.email=?
Hibernate: select i1_0.id,i1_0.client_email,i1_0.client_name,i1_0.due_date,i1_0.is_paid,i1_0.total_amount,i1_0.user_id from app_invoices i1_0 where i1_0.user_id=?
Hibernate: select u1_0.id,u1_0.email,u1_0.monthly_budget,u1_0.password from app_users u1_0 where u1_0.email=?
Hibernate: select u1_0.id,u1_0.email,u1_0.monthly_budget,u1_0.password from app_users u1_0 where u1_0.email=?
Hibernate: select e1_0.id,e1_0.amount,e1_0.category,e1_0.date,e1_0.is_subscription,e1_0.title,e1_0.user_id from app_expenses e1_0 where e1_0.user_id=?
Hibernate: select u1_0.id,u1_0.email,u1_0.monthly_budget,u1_0.password from app_users u1_0 where u1_0.email=?
Hibernate: select u1_0.id,u1_0.email,u1_0.monthly_budget,u1_0.password from app_users u1_0 where u1_0.email=?
Hibernate: select e1_0.id,e1_0.amount,e1_0.category,e1_0.date,e1_0.is_subscription,e1_0.title,e1_0.user_id from app_expenses e1_0 where e1_0.user_id=?
Hibernate: select u1_0.id,u1_0.email,u1_0.monthly_budget,u1_0.password from app_users u1_0 where u1_0.email=?
Hibernate: select u1_0.id,u1_0.email,u1_0.monthly_budget,u1_0.password from app_users u1_0 where u1_0.email=?
Hibernate: select e1_0.id,e1_0.amount,e1_0.category,e1_0.date,e1_0.is_subscription,e1_0.title,e1_0.user_id from app_expenses e1_0 where e1_0.user_id=?
Hibernate: select u1_0.id,u1_0.email,u1_0.monthly_budget,u1_0.password from app_users u1_0 where u1_0.email=?
Hibernate: select u1_0.id,u1_0.email,u1_0.monthly_budget,u1_0.password from app_users u1_0 where u1_0.email=?
Hibernate: select e1_0.id,e1_0.amount,e1_0.category,e1_0.date,e1_0.is_subscription,e1_0.title,e1_0.user_id from app_expenses e1_0 where e1_0.user_id=?
Hibernate: select u1_0.id,u1_0.email,u1_0.monthly_budget,u1_0.password from app_users u1_0 where u1_0.email=?
Hibernate: select u1_0.id,u1_0.email,u1_0.monthly_budget,u1_0.password from app_users u1_0 where u1_0.email=?
Hibernate: select e1_0.id,e1_0.amount,e1_0.category,e1_0.date,e1_0.is_subscription,e1_0.title,e1_0.user_id from app_expenses e1_0 where e1_0.user_id=?
Hibernate: select u1_0.id,u1_0.email,u1_0.monthly_budget,u1_0.password from app_users u1_0 where u1_0.email=?
Hibernate: select u1_0.id,u1_0.email,u1_0.monthly_budget,u1_0.password from app_users u1_0 where u1_0.email=?
Hibernate: select u1_0.id,u1_0.email,u1_0.monthly_budget,u1_0.password from app_users u1_0 where u1_0.email=?
Hibernate: select u1_0.id,u1_0.email,u1_0.monthly_budget,u1_0.password from app_users u1_0 where u1_0.email=?
Hibernate: select e1_0.id,e1_0.amount,e1_0.category,e1_0.date,e1_0.is_subscription,e1_0.title,e1_0.user_id from app_expenses e1_0 where e1_0.user_id=?
Hibernate: select u1_0.id,u1_0.email,u1_0.monthly_budget,u1_0.password from app_users u1_0 where u1_0.email=?
Hibernate: select i1_0.id,i1_0.client_email,i1_0.client_name,i1_0.due_date,i1_0.is_paid,i1_0.total_amount,i1_0.user_id from app_invoices i1_0 where i1_0.user_id=?
